<?xml version="1.0" encoding="UTF-8"?>
<!-- Generated by org.testng.reporters.JUnitReportReporter -->
<testsuite hostname="DESKTOP-MBT8AMI" failures="0" tests="3" name="myTest.program1" time="2.973" errors="0" timestamp="26 Jun 2023 11:54:30 GMT">
  <testcase classname="myTest.program1" name="Services" time="0.391"/>
  <testcase classname="myTest.program1" name="Button" time="0.766"/>
  <testcase classname="myTest.program1" name="Pensions" time="1.816"/>
</testsuite> <!-- myTest.program1 -->
